<?xml version="1.0" encoding="UTF-8"?>
<!-- Generated by org.testng.reporters.JUnitXMLReporter -->
<testsuite ignored="2" hostname="LAPTOP-5E7SJ6AA" failures="0" tests="3" name=" Groups Concepts" time="0.132" errors="0" timestamp="23 Feb 2021 01:09:47 GMT">
  <testcase classname="testNG.TestNGGroups$TestNGgroups" name="testFive" time="0.036"/>
  <testcase classname="testNG.TestNGGroups$TestNGgroups" name="testFour" time="0.003"/>
  <testcase classname="testNG.TestNGGroups$TestNGgroups" name="testThree" time="0.003"/>
  <testcase classname="testNG.TestNGGroups$TestNGgroups" name="test" time="0.0">
    <ignored/>
  </testcase> <!-- test -->
  <testcase classname="testNG.TestNGGroups$TestNGgroups" name="testTwo" time="0.0">
    <ignored/>
  </testcase> <!-- testTwo -->
</testsuite> <!--  Groups Concepts -->
