<?xml version="1.0" encoding="UTF-8"?>
<!-- Generated by org.testng.reporters.JUnitXMLReporter -->
<testsuite ignored="0" hostname="LAPTOP-5E7SJ6AA" failures="0" tests="3" name="firstTest" time="0.166" errors="0" timestamp="19 Feb 2021 03:17:35 GMT">
  <testcase classname="testNG.TestNGBasics" name="test01" time="0.036"/>
  <testcase classname="testNG.TestNGBasics" name="test03" time="0.004"/>
  <testcase classname="testNG.TestNGBasics" name="test02" time="0.003"/>
</testsuite> <!-- firstTest -->
